<?xml version="1.0" encoding="UTF-8"?>
<!-- Generated by org.testng.reporters.JUnitReportReporter -->
<testsuite hostname="DESKTOP-N7864VM" failures="0" tests="1" name="com.simplilearn.testing.FacebookLogin" time="7.716" errors="0" timestamp="2022-10-06T17:26:06 IST" skipped="0">
  <testcase classname="com.simplilearn.testing.FacebookLogin" name="f" time="7.716"/>
</testsuite> <!-- com.simplilearn.testing.FacebookLogin -->
